2025-10-23 22:12:04,295 INFO    MainThread:31175 [wandb_setup.py:_flush():81] Current SDK version is 0.22.2
2025-10-23 22:12:04,295 INFO    MainThread:31175 [wandb_setup.py:_flush():81] Configure stats pid to 31175
2025-10-23 22:12:04,296 INFO    MainThread:31175 [wandb_setup.py:_flush():81] Loading settings from /root/.config/wandb/settings
2025-10-23 22:12:04,296 INFO    MainThread:31175 [wandb_setup.py:_flush():81] Loading settings from /Workspace/Users/haroon.khawaja@outlook.com/BaCP/project/test_notebooks/wandb/settings
2025-10-23 22:12:04,296 INFO    MainThread:31175 [wandb_setup.py:_flush():81] Loading settings from environment variables
2025-10-23 22:12:04,296 INFO    MainThread:31175 [wandb_init.py:setup_run_log_directory():705] Logging user logs to /Workspace/Users/haroon.khawaja@outlook.com/BaCP/project/test_notebooks/wandb/run-20251023_221202-wj9xqqpn/logs/debug.log
2025-10-23 22:12:04,297 INFO    MainThread:31175 [wandb_init.py:setup_run_log_directory():706] Logging internal logs to /Workspace/Users/haroon.khawaja@outlook.com/BaCP/project/test_notebooks/wandb/run-20251023_221202-wj9xqqpn/logs/debug-internal.log
2025-10-23 22:12:04,297 INFO    MainThread:31175 [wandb_init.py:init():832] calling init triggers
2025-10-23 22:12:04,297 INFO    MainThread:31175 [wandb_init.py:init():837] wandb.init called with sweep_config: {}
config: {'model_name': 'resnet34', 'model_type': 'cv', 'dataset_name': 'cifar10', 'num_classes': 10, 'batch_size': 512, 'optimizer_type': 'sgd', 'learning_rate': 0.01, 'image_size': 32, 'epochs': 100, 'trained_weights': '/dbfs/research/bacp/resnet34/cifar10/resnet34_cifar10_baseline.pt', 'experiment_type': 'pruning', 'log_epochs': False, 'enable_tqdm': False, 'enable_mixed_precision': True, 'databricks_env': True, 'num_workers': 24, 'pruning_type': 'rigl_pruning', 'target_sparsity': 0.9999, 'sparsity_scheduler': 'f_decay', 'recovery_epochs': 0, 'dyrelu_en': False, 'dyrelu_phasing_en': False, 'device': 'cuda', 'retrain': False, 'is_bacp': False, 'embedded_dim': 512, 'cache_dir': '/dbfs/cache', 'n_views': 1, 'initial_sparsity': 0.0, 'prune': True, 'Tc': 66, 'delta_t': 100, 'base_path': '/dbfs/research/bacp/resnet34/cifar10', 'save_path': '/dbfs/research/bacp/resnet34/cifar10/resnet34_cifar10_rigl_pruning_0.9999_pruning.pt', '_wandb': {}}
2025-10-23 22:12:04,298 INFO    MainThread:31175 [wandb_init.py:init():880] starting backend
2025-10-23 22:12:04,504 INFO    MainThread:31175 [wandb_init.py:init():883] sending inform_init request
2025-10-23 22:12:04,513 INFO    MainThread:31175 [wandb_init.py:init():891] backend started and connected
2025-10-23 22:12:04,515 INFO    MainThread:31175 [wandb_init.py:init():961] updated telemetry
2025-10-23 22:12:04,529 INFO    MainThread:31175 [wandb_init.py:init():985] communicating run to backend with 90.0 second timeout
2025-10-23 22:12:05,308 INFO    MainThread:31175 [wandb_init.py:init():1036] starting run threads in backend
2025-10-23 22:12:05,583 INFO    MainThread:31175 [wandb_run.py:_console_start():2509] atexit reg
2025-10-23 22:12:05,584 INFO    MainThread:31175 [wandb_run.py:_redirect():2357] redirect: wrap_raw
2025-10-23 22:12:05,584 INFO    MainThread:31175 [wandb_run.py:_redirect():2426] Wrapping output streams.
2025-10-23 22:12:05,584 INFO    MainThread:31175 [wandb_run.py:_redirect():2449] Redirects installed.
2025-10-23 22:12:05,614 INFO    MainThread:31175 [wandb_init.py:init():1076] run started, returning control to user process
2025-10-23 22:18:38,993 INFO    MainThread:31175 [wandb_run.py:_finish():2275] finishing run haroooon123-lums/Backbone-Contrastive-Pruning/wj9xqqpn
2025-10-23 22:18:38,994 INFO    MainThread:31175 [wandb_run.py:_atexit_cleanup():2474] got exitcode: 0
2025-10-23 22:18:38,996 INFO    MainThread:31175 [wandb_run.py:_restore():2456] restore
2025-10-23 22:18:38,997 INFO    MainThread:31175 [wandb_run.py:_restore():2462] restore done
2025-10-23 22:19:08,780 INFO    MainThread:31175 [wandb_run.py:_restore():2456] restore
2025-10-23 22:19:08,780 INFO    MainThread:31175 [wandb_run.py:_restore():2462] restore done
2025-10-23 22:19:08,781 ERROR   MainThread:31175 [wandb_run.py:_atexit_cleanup():2495] Problem finishing run
Traceback (most recent call last):
  File "/local_disk0/.ephemeral_nfs/cluster_libraries/python/lib/python3.12/site-packages/wandb/errors/term.py", line 137, in dynamic_text
    yield block
  File "/local_disk0/.ephemeral_nfs/cluster_libraries/python/lib/python3.12/site-packages/wandb/sdk/lib/printer.py", line 301, in dynamic_text
    yield _DynamicTermText(handle)
  File "/local_disk0/.ephemeral_nfs/cluster_libraries/python/lib/python3.12/site-packages/wandb/sdk/lib/progress.py", line 78, in progress_printer
    yield ProgressPrinter(
  File "/local_disk0/.ephemeral_nfs/cluster_libraries/python/lib/python3.12/site-packages/wandb/sdk/wandb_run.py", line 2740, in _on_finish
    wait_with_progress(
  File "/local_disk0/.ephemeral_nfs/cluster_libraries/python/lib/python3.12/site-packages/wandb/sdk/mailbox/wait_with_progress.py", line 23, in wait_with_progress
    return wait_all_with_progress(
           ^^^^^^^^^^^^^^^^^^^^^^^
  File "/local_disk0/.ephemeral_nfs/cluster_libraries/python/lib/python3.12/site-packages/wandb/sdk/mailbox/wait_with_progress.py", line 77, in wait_all_with_progress
    return asyncer.run(progress_loop_with_timeout)
           ^^^^^^^^^^^^^^^^^^^^^^^^^^^^^^^^^^^^^^^
  File "/local_disk0/.ephemeral_nfs/cluster_libraries/python/lib/python3.12/site-packages/wandb/sdk/lib/asyncio_manager.py", line 136, in run
    return future.result()
           ^^^^^^^^^^^^^^^
  File "/usr/lib/python3.12/concurrent/futures/_base.py", line 456, in result
    return self.__get_result()
           ^^^^^^^^^^^^^^^^^^^
  File "/usr/lib/python3.12/concurrent/futures/_base.py", line 401, in __get_result
    raise self._exception
  File "/local_disk0/.ephemeral_nfs/cluster_libraries/python/lib/python3.12/site-packages/wandb/sdk/lib/asyncio_manager.py", line 219, in _wrap
    return await fn()
           ^^^^^^^^^^
  File "/local_disk0/.ephemeral_nfs/cluster_libraries/python/lib/python3.12/site-packages/wandb/sdk/mailbox/wait_with_progress.py", line 65, in progress_loop_with_timeout
    async with asyncio_compat.cancel_on_exit(display_progress()):
  File "/usr/lib/python3.12/contextlib.py", line 217, in __aexit__
    await anext(self.gen)
  File "/local_disk0/.ephemeral_nfs/cluster_libraries/python/lib/python3.12/site-packages/wandb/sdk/lib/asyncio_compat.py", line 257, in cancel_on_exit
    async with open_task_group(race=True) as group:
  File "/usr/lib/python3.12/contextlib.py", line 217, in __aexit__
    await anext(self.gen)
  File "/local_disk0/.ephemeral_nfs/cluster_libraries/python/lib/python3.12/site-packages/wandb/sdk/lib/asyncio_compat.py", line 240, in open_task_group
    await task_group._wait_all(race=race, timeout=exit_timeout)
  File "/local_disk0/.ephemeral_nfs/cluster_libraries/python/lib/python3.12/site-packages/wandb/sdk/lib/asyncio_compat.py", line 180, in _wait_all
    raise exc
  File "/local_disk0/.ephemeral_nfs/cluster_libraries/python/lib/python3.12/site-packages/wandb/sdk/wandb_run.py", line 2716, in _display_finish_stats
    async with asyncio_compat.open_task_group() as task_group:
  File "/usr/lib/python3.12/contextlib.py", line 217, in __aexit__
    await anext(self.gen)
  File "/local_disk0/.ephemeral_nfs/cluster_libraries/python/lib/python3.12/site-packages/wandb/sdk/lib/asyncio_compat.py", line 240, in open_task_group
    await task_group._wait_all(race=race, timeout=exit_timeout)
  File "/local_disk0/.ephemeral_nfs/cluster_libraries/python/lib/python3.12/site-packages/wandb/sdk/lib/asyncio_compat.py", line 180, in _wait_all
    raise exc
  File "/local_disk0/.ephemeral_nfs/cluster_libraries/python/lib/python3.12/site-packages/wandb/sdk/wandb_run.py", line 2694, in loop_update_printer
    progress_printer.update(
  File "/local_disk0/.ephemeral_nfs/cluster_libraries/python/lib/python3.12/site-packages/wandb/sdk/lib/progress.py", line 113, in update
    self._update_operation_stats(
  File "/local_disk0/.ephemeral_nfs/cluster_libraries/python/lib/python3.12/site-packages/wandb/sdk/lib/progress.py", line 127, in _update_operation_stats
    ).display(stats_list)
      ^^^^^^^^^^^^^^^^^^^
  File "/local_disk0/.ephemeral_nfs/cluster_libraries/python/lib/python3.12/site-packages/wandb/sdk/lib/progress.py", line 193, in display
    self._text_area.set_text("\n".join(self._lines))
  File "/local_disk0/.ephemeral_nfs/cluster_libraries/python/lib/python3.12/site-packages/wandb/sdk/lib/printer.py", line 433, in set_text
    self._handle.set_text(text)
  File "/local_disk0/.ephemeral_nfs/cluster_libraries/python/lib/python3.12/site-packages/wandb/errors/term.py", line 247, in set_text
    _l_rerender_dynamic_blocks()
  File "/local_disk0/.ephemeral_nfs/cluster_libraries/python/lib/python3.12/site-packages/wandb/errors/term.py", line 375, in _l_rerender_dynamic_blocks
    with _l_above_dynamic_text():
  File "/usr/lib/python3.12/contextlib.py", line 144, in __exit__
    next(self.gen)
  File "/local_disk0/.ephemeral_nfs/cluster_libraries/python/lib/python3.12/site-packages/wandb/errors/term.py", line 394, in _l_above_dynamic_text
    _l_print_dynamic_blocks()
  File "/local_disk0/.ephemeral_nfs/cluster_libraries/python/lib/python3.12/site-packages/wandb/errors/term.py", line 415, in _l_print_dynamic_blocks
    block._l_print()
  File "/local_disk0/.ephemeral_nfs/cluster_libraries/python/lib/python3.12/site-packages/wandb/errors/term.py", line 285, in _l_print
    click.echo(
  File "/databricks/python/lib/python3.12/site-packages/click/utils.py", line 318, in echo
    file.write(out)  # type: ignore
    ^^^^^^^^^^^^^^^
  File "/usr/lib/python3.12/contextlib.py", line 81, in inner
    return func(*args, **kwds)
           ^^^^^^^^^^^^^^^^^^^
  File "/local_disk0/.ephemeral_nfs/cluster_libraries/python/lib/python3.12/site-packages/wandb/sdk/lib/console_capture.py", line 168, in write_with_callbacks
    n = orig_write(s)
        ^^^^^^^^^^^^^
OSError: [Errno 5] Input/output error

During handling of the above exception, another exception occurred:

Traceback (most recent call last):
  File "/local_disk0/.ephemeral_nfs/cluster_libraries/python/lib/python3.12/site-packages/wandb/sdk/wandb_run.py", line 2486, in _atexit_cleanup
    self._on_finish()
  File "/local_disk0/.ephemeral_nfs/cluster_libraries/python/lib/python3.12/site-packages/wandb/sdk/wandb_run.py", line 2735, in _on_finish
    with progress.progress_printer(
  File "/usr/lib/python3.12/contextlib.py", line 158, in __exit__
    self.gen.throw(value)
  File "/local_disk0/.ephemeral_nfs/cluster_libraries/python/lib/python3.12/site-packages/wandb/sdk/lib/progress.py", line 76, in progress_printer
    with printer.dynamic_text() as text_area:
  File "/usr/lib/python3.12/contextlib.py", line 158, in __exit__
    self.gen.throw(value)
  File "/local_disk0/.ephemeral_nfs/cluster_libraries/python/lib/python3.12/site-packages/wandb/sdk/lib/printer.py", line 297, in dynamic_text
    with term.dynamic_text() as handle:
  File "/usr/lib/python3.12/contextlib.py", line 158, in __exit__
    self.gen.throw(value)
  File "/local_disk0/.ephemeral_nfs/cluster_libraries/python/lib/python3.12/site-packages/wandb/errors/term.py", line 141, in dynamic_text
    _l_rerender_dynamic_blocks()
  File "/local_disk0/.ephemeral_nfs/cluster_libraries/python/lib/python3.12/site-packages/wandb/errors/term.py", line 375, in _l_rerender_dynamic_blocks
    with _l_above_dynamic_text():
  File "/usr/lib/python3.12/contextlib.py", line 137, in __enter__
    return next(self.gen)
           ^^^^^^^^^^^^^^
  File "/local_disk0/.ephemeral_nfs/cluster_libraries/python/lib/python3.12/site-packages/wandb/errors/term.py", line 389, in _l_above_dynamic_text
    _l_clear_dynamic_blocks()
  File "/local_disk0/.ephemeral_nfs/cluster_libraries/python/lib/python3.12/site-packages/wandb/errors/term.py", line 405, in _l_clear_dynamic_blocks
    block._l_clear()
  File "/local_disk0/.ephemeral_nfs/cluster_libraries/python/lib/python3.12/site-packages/wandb/errors/term.py", line 263, in _l_clear
    click.echo(
  File "/databricks/python/lib/python3.12/site-packages/click/utils.py", line 289, in echo
    file.flush()
OSError: [Errno 5] Input/output error
